x...F.................xssssss.................sssFFFFFFEFEFF..........xx [ 26%]
xxxxxxxxxxxxxxxxxx..................................EExxxxxx............ [ 54%]
..xxxxxx....xx............xxxxxxxx.xxxxxxx.................F.FF......... [ 82%]
.........xxxx....xx.............FF........xxxx                           [100%]
=============================== warnings summary ===============================
venv/lib/python3.12/site-packages/passlib/utils/__init__.py:854
  /home/eevan/ProyectosIA/SIST_CABAÑAS/backend/venv/lib/python3.12/site-packages/passlib/utils/__init__.py:854: DeprecationWarning: 'crypt' is deprecated and slated for removal in Python 3.13
    from crypt import crypt as _crypt

venv/lib/python3.12/site-packages/pytz/tzinfo.py:27
  /home/eevan/ProyectosIA/SIST_CABAÑAS/backend/venv/lib/python3.12/site-packages/pytz/tzinfo.py:27: DeprecationWarning: datetime.datetime.utcfromtimestamp() is deprecated and scheduled for removal in a future version. Use timezone-aware objects to represent datetimes in UTC: datetime.datetime.fromtimestamp(timestamp, datetime.UTC).
    _epoch = datetime.utcfromtimestamp(0)

venv/lib/python3.12/site-packages/dateutil/tz/tz.py:37
  /home/eevan/ProyectosIA/SIST_CABAÑAS/backend/venv/lib/python3.12/site-packages/dateutil/tz/tz.py:37: DeprecationWarning: datetime.datetime.utcfromtimestamp() is deprecated and scheduled for removal in a future version. Use timezone-aware objects to represent datetimes in UTC: datetime.datetime.fromtimestamp(timestamp, datetime.UTC).
    EPOCH = datetime.datetime.utcfromtimestamp(0)

backend/tests/test_whatsapp_photos.py::test_send_image_message_payload_structure
backend/tests/test_whatsapp_photos.py::test_send_image_without_caption
  /home/eevan/ProyectosIA/SIST_CABAÑAS/backend/app/services/whatsapp.py:142: RuntimeWarning: coroutine 'AsyncMockMixin._execute_mock_call' was never awaited
    "message_id": (await resp.json()).get("messages", [{}])[0].get("id"),
  Enable tracemalloc to get traceback where the object was allocated.
  See https://docs.pytest.org/en/stable/how-to/capture-warnings.html#resource-warnings for more info.

-- Docs: https://docs.pytest.org/en/stable/how-to/capture-warnings.html
=========================== short test summary info ============================
FAILED tests/test_background_jobs.py::test_send_prereservation_reminders_basic
FAILED tests/test_e2e_flows.py::TestFlowCompleteReservation::test_complete_whatsapp_to_confirmed_reservation
FAILED tests/test_e2e_flows.py::TestFlowInteractiveButtons::test_button_flow_availability_to_prereservation
FAILED tests/test_e2e_flows.py::TestFlowAudioProcessing::test_audio_transcription_to_reservation
FAILED tests/test_e2e_flows.py::TestFlowDoubleBookingPrevention::test_concurrent_reservations_same_dates
FAILED tests/test_e2e_flows.py::TestFlowICalSync::test_ical_import_creates_blocked_reservation
FAILED tests/test_e2e_flows.py::TestFlowICalSync::test_ical_export_includes_internal_reservations
FAILED tests/test_e2e_flows.py::TestFlowWebhookIdempotency::test_duplicate_mercadopago_webhook_processed_once
FAILED tests/test_e2e_flows.py::TestFlowSystemHealth::test_system_health_all_components
FAILED tests/test_e2e_flows.py::TestFlowSystemHealth::test_metrics_endpoint_accessible
FAILED tests/test_retry_logic.py::TestWhatsAppRetryIntegration::test_whatsapp_retries_on_500_error
FAILED tests/test_retry_logic.py::TestWhatsAppRetryIntegration::test_whatsapp_retries_rate_limit
FAILED tests/test_retry_logic.py::TestWhatsAppRetryIntegration::test_whatsapp_image_has_retry
FAILED tests/test_whatsapp_photos.py::test_send_image_message_payload_structure
FAILED tests/test_whatsapp_photos.py::test_send_image_without_caption - Asser...
ERROR tests/test_e2e_flows.py::TestFlowICalSync::test_ical_export_includes_internal_reservations
ERROR tests/test_e2e_flows.py::TestFlowWebhookIdempotency::test_duplicate_mercadopago_webhook_processed_once
ERROR tests/test_interactive_buttons.py::TestWebhookInteractiveIntegration::test_webhook_processes_button_reply
ERROR tests/test_interactive_buttons.py::TestWebhookInteractiveIntegration::test_webhook_processes_list_reply
15 failed, 173 passed, 9 skipped, 61 xfailed, 5 warnings, 4 errors in 254.49s (0:04:14)
